This is pdfTeX, Version 3.14159265-2.6-1.40.17 (TeX Live 2016) (preloaded format=latex 2017.3.22)  16 AUG 2018 11:00
entering extended mode
 restricted \write18 enabled.
 Source specials enabled.
 %&-line parsing enabled.
**thesis.tex
(./thesis.tex
LaTeX2e <2016/03/31>
Babel <3.9r> and hyphenation patterns for 83 language(s) loaded.
(/usr/local/texlive/2016/texmf-dist/tex/latex/base/article.cls
Document Class: article 2014/09/29 v1.4h Standard LaTeX document class
(/usr/local/texlive/2016/texmf-dist/tex/latex/base/size12.clo
File: size12.clo 2014/09/29 v1.4h Standard LaTeX file (size option)
)
\c@part=\count79
\c@section=\count80
\c@subsection=\count81
\c@subsubsection=\count82
\c@paragraph=\count83
\c@subparagraph=\count84
\c@figure=\count85
\c@table=\count86
\abovecaptionskip=\skip41
\belowcaptionskip=\skip42
\bibindent=\dimen102
)
(./aas_macros.sty)
(/usr/local/texlive/2016/texmf-dist/tex/latex/graphics/graphicx.sty
Package: graphicx 2014/10/28 v1.0g Enhanced LaTeX Graphics (DPC,SPQR)

(/usr/local/texlive/2016/texmf-dist/tex/latex/graphics/keyval.sty
Package: keyval 2014/10/28 v1.15 key=value parser (DPC)
\KV@toks@=\toks14
)
(/usr/local/texlive/2016/texmf-dist/tex/latex/graphics/graphics.sty
Package: graphics 2016/05/09 v1.0r Standard LaTeX Graphics (DPC,SPQR)

(/usr/local/texlive/2016/texmf-dist/tex/latex/graphics/trig.sty
Package: trig 2016/01/03 v1.10 sin cos tan (DPC)
)
(/usr/local/texlive/2016/texmf-dist/tex/latex/graphics-cfg/graphics.cfg
File: graphics.cfg 2016/01/02 v1.10 sample graphics configuration
)
Package graphics Info: Driver file: dvips.def on input line 96.

(/usr/local/texlive/2016/texmf-dist/tex/latex/graphics/dvips.def
File: dvips.def 2015/12/30 v3.0k Driver-dependent file (DPC,SPQR)
))
\Gin@req@height=\dimen103
\Gin@req@width=\dimen104
)
(/usr/local/texlive/2016/texmf-dist/tex/latex/amsmath/amsmath.sty
Package: amsmath 2016/03/10 v2.15b AMS math features
\@mathmargin=\skip43

For additional information on amsmath, use the `?' option.
(/usr/local/texlive/2016/texmf-dist/tex/latex/amsmath/amstext.sty
Package: amstext 2000/06/29 v2.01 AMS text

(/usr/local/texlive/2016/texmf-dist/tex/latex/amsmath/amsgen.sty
File: amsgen.sty 1999/11/30 v2.0 generic functions
\@emptytoks=\toks15
\ex@=\dimen105
))
(/usr/local/texlive/2016/texmf-dist/tex/latex/amsmath/amsbsy.sty
Package: amsbsy 1999/11/29 v1.2d Bold Symbols
\pmbraise@=\dimen106
)
(/usr/local/texlive/2016/texmf-dist/tex/latex/amsmath/amsopn.sty
Package: amsopn 2016/03/08 v2.02 operator names
)
\inf@bad=\count87
LaTeX Info: Redefining \frac on input line 199.
\uproot@=\count88
\leftroot@=\count89
LaTeX Info: Redefining \overline on input line 297.
\classnum@=\count90
\DOTSCASE@=\count91
LaTeX Info: Redefining \ldots on input line 394.
LaTeX Info: Redefining \dots on input line 397.
LaTeX Info: Redefining \cdots on input line 518.
\Mathstrutbox@=\box26
\strutbox@=\box27
\big@size=\dimen107
LaTeX Font Info:    Redeclaring font encoding OML on input line 634.
LaTeX Font Info:    Redeclaring font encoding OMS on input line 635.
\macc@depth=\count92
\c@MaxMatrixCols=\count93
\dotsspace@=\muskip10
\c@parentequation=\count94
\dspbrk@lvl=\count95
\tag@help=\toks16
\row@=\count96
\column@=\count97
\maxfields@=\count98
\andhelp@=\toks17
\eqnshift@=\dimen108
\alignsep@=\dimen109
\tagshift@=\dimen110
\tagwidth@=\dimen111
\totwidth@=\dimen112
\lineht@=\dimen113
\@envbody=\toks18
\multlinegap=\skip44
\multlinetaggap=\skip45
\mathdisplay@stack=\toks19
LaTeX Info: Redefining \[ on input line 2739.
LaTeX Info: Redefining \] on input line 2740.
)
(/usr/local/texlive/2016/texmf-dist/tex/latex/amsfonts/amssymb.sty
Package: amssymb 2013/01/14 v3.01 AMS font symbols

(/usr/local/texlive/2016/texmf-dist/tex/latex/amsfonts/amsfonts.sty
Package: amsfonts 2013/01/14 v3.01 Basic AMSFonts support
\symAMSa=\mathgroup4
\symAMSb=\mathgroup5
LaTeX Font Info:    Overwriting math alphabet `\mathfrak' in version `bold'
(Font)                  U/euf/m/n --> U/euf/b/n on input line 106.
))
(/usr/local/texlive/2016/texmf-dist/tex/latex/float/float.sty
Package: float 2001/11/08 v1.3d Float enhancements (AL)
\c@float@type=\count99
\float@exts=\toks20
\float@box=\box28
\@float@everytoks=\toks21
\@floatcapt=\box29
)
(/usr/local/texlive/2016/texmf-dist/tex/latex/caption/subcaption.sty
Package: subcaption 2016/02/20 v1.1-142 Sub-captions (AR)

(/usr/local/texlive/2016/texmf-dist/tex/latex/caption/caption.sty
Package: caption 2016/02/21 v3.3-144 Customizing captions (AR)

(/usr/local/texlive/2016/texmf-dist/tex/latex/caption/caption3.sty
Package: caption3 2016/02/04 v1.7-139 caption3 kernel (AR)
Package caption3 Info: TeX engine: e-TeX on input line 67.
\captionmargin=\dimen114
\captionmargin@=\dimen115
\captionwidth=\dimen116
\caption@tempdima=\dimen117
\caption@indent=\dimen118
\caption@parindent=\dimen119
\caption@hangindent=\dimen120
)
\c@ContinuedFloat=\count100
Package caption Info: float package is loaded.
)
\c@subfigure=\count101
\c@subtable=\count102
)
(/usr/local/texlive/2016/texmf-dist/tex/latex/multirow/multirow.sty
\bigstrutjot=\dimen121
)
(/usr/local/texlive/2016/texmf-dist/tex/latex/booktabs/booktabs.sty
Package: booktabs 2016/04/27 v1.618033 publication quality tables
\heavyrulewidth=\dimen122
\lightrulewidth=\dimen123
\cmidrulewidth=\dimen124
\belowrulesep=\dimen125
\belowbottomsep=\dimen126
\aboverulesep=\dimen127
\abovetopsep=\dimen128
\cmidrulesep=\dimen129
\cmidrulekern=\dimen130
\defaultaddspace=\dimen131
\@cmidla=\count103
\@cmidlb=\count104
\@aboverulesep=\dimen132
\@belowrulesep=\dimen133
\@thisruleclass=\count105
\@lastruleclass=\count106
\@thisrulewidth=\dimen134
)
(/usr/local/texlive/2016/texmf-dist/tex/latex/geometry/geometry.sty
Package: geometry 2010/09/12 v5.6 Page Geometry

(/usr/local/texlive/2016/texmf-dist/tex/generic/oberdiek/ifpdf.sty
Package: ifpdf 2016/05/14 v3.1 Provides the ifpdf switch
)
(/usr/local/texlive/2016/texmf-dist/tex/generic/oberdiek/ifvtex.sty
Package: ifvtex 2016/05/16 v1.6 Detect VTeX and its facilities (HO)
Package ifvtex Info: VTeX not detected.
)
(/usr/local/texlive/2016/texmf-dist/tex/generic/ifxetex/ifxetex.sty
Package: ifxetex 2010/09/12 v0.6 Provides ifxetex conditional
)
\Gm@cnth=\count107
\Gm@cntv=\count108
\c@Gm@tempcnt=\count109
\Gm@bindingoffset=\dimen135
\Gm@wd@mp=\dimen136
\Gm@odd@mp=\dimen137
\Gm@even@mp=\dimen138
\Gm@layoutwidth=\dimen139
\Gm@layoutheight=\dimen140
\Gm@layouthoffset=\dimen141
\Gm@layoutvoffset=\dimen142
\Gm@dimlist=\toks22
)
(/usr/local/texlive/2016/texmf-dist/tex/latex/natbib/natbib.sty
Package: natbib 2010/09/13 8.31b (PWD, AO)
\bibhang=\skip46
\bibsep=\skip47
LaTeX Info: Redefining \cite on input line 694.
\c@NAT@ctr=\count110
)
(/usr/local/texlive/2016/texmf-dist/tex/latex/appendix/appendix.sty
Package: appendix 2009/09/02 v1.2b extra appendix facilities
\c@@pps=\count111
\c@@ppsavesec=\count112
\c@@ppsaveapp=\count113
)
(/usr/local/texlive/2016/texmf-dist/tex/latex/xcolor/xcolor.sty
Package: xcolor 2016/05/11 v2.12 LaTeX color extensions (UK)

(/usr/local/texlive/2016/texmf-dist/tex/latex/graphics-cfg/color.cfg
File: color.cfg 2016/01/02 v1.6 sample color configuration
)
Package xcolor Info: Driver file: dvips.def on input line 225.

(/usr/local/texlive/2016/texmf-dist/tex/latex/colortbl/colortbl.sty
Package: colortbl 2012/02/13 v1.0a Color table columns (DPC)

(/usr/local/texlive/2016/texmf-dist/tex/latex/tools/array.sty
Package: array 2014/10/28 v2.4c Tabular extension package (FMi)
\col@sep=\dimen143
\extrarowheight=\dimen144
\NC@list=\toks23
\extratabsurround=\skip48
\backup@length=\skip49
)
\everycr=\toks24
\minrowclearance=\skip50
)
\rownum=\count114
Package xcolor Info: Model `cmy' substituted by `cmy0' on input line 1348.
Package xcolor Info: Model `RGB' extended on input line 1364.
Package xcolor Info: Model `HTML' substituted by `rgb' on input line 1366.
Package xcolor Info: Model `Hsb' substituted by `hsb' on input line 1367.
Package xcolor Info: Model `tHsb' substituted by `hsb' on input line 1368.
Package xcolor Info: Model `HSB' substituted by `hsb' on input line 1369.
Package xcolor Info: Model `Gray' substituted by `gray' on input line 1370.
Package xcolor Info: Model `wave' substituted by `hsb' on input line 1371.

(/usr/local/texlive/2016/texmf-dist/tex/latex/xcolor/x11nam.def
File: x11nam.def 2016/05/11 v2.12 Predefined colors according to Unix/X11 (UK)
)) (./thesis.aux

LaTeX Warning: Label `tab:atcaobvs' multiply defined.


LaTeX Warning: Label `fig:rxj1713lephad15' multiply defined.


LaTeX Warning: Label `sub@fig:rxj1713lephad15' multiply defined.


LaTeX Warning: Label `fig:rxj1713lephad16' multiply defined.


LaTeX Warning: Label `sub@fig:rxj1713lephad16' multiply defined.


LaTeX Warning: Label `fig:rxj1713lephad22' multiply defined.


LaTeX Warning: Label `sub@fig:rxj1713lephad22' multiply defined.


LaTeX Warning: Label `tab:gasgammacor' multiply defined.

)
\openout1 = `thesis.aux'.

LaTeX Font Info:    Checking defaults for OML/cmm/m/it on input line 16.
LaTeX Font Info:    ... okay on input line 16.
LaTeX Font Info:    Checking defaults for T1/cmr/m/n on input line 16.
LaTeX Font Info:    ... okay on input line 16.
LaTeX Font Info:    Checking defaults for OT1/cmr/m/n on input line 16.
LaTeX Font Info:    ... okay on input line 16.
LaTeX Font Info:    Checking defaults for OMS/cmsy/m/n on input line 16.
LaTeX Font Info:    ... okay on input line 16.
LaTeX Font Info:    Checking defaults for OMX/cmex/m/n on input line 16.
LaTeX Font Info:    ... okay on input line 16.
LaTeX Font Info:    Checking defaults for U/cmr/m/n on input line 16.
LaTeX Font Info:    ... okay on input line 16.
Package caption Info: Begin \AtBeginDocument code.
Package caption Info: End \AtBeginDocument code.

*geometry* driver: auto-detecting
*geometry* detected driver: dvips
*geometry* verbose mode - [ preamble ] result:
* driver: dvips
* paper: a4paper
* layout: <same size as paper>
* layoutoffset:(h,v)=(0.0pt,0.0pt)
* modes: 
* h-part:(L,W,R)=(99.58464pt, 455.24411pt, 42.67912pt)
* v-part:(T,H,B)=(42.67912pt, 759.6886pt, 42.67912pt)
* \paperwidth=597.50787pt
* \paperheight=845.04684pt
* \textwidth=455.24411pt
* \textheight=759.6886pt
* \oddsidemargin=27.31465pt
* \evensidemargin=27.31465pt
* \topmargin=-66.59087pt
* \headheight=12.0pt
* \headsep=25.0pt
* \topskip=12.0pt
* \footskip=30.0pt
* \marginparwidth=49.79231pt
* \marginparsep=10.0pt
* \columnsep=10.0pt
* \skip\footins=10.8pt plus 4.0pt minus 2.0pt
* \hoffset=0.0pt
* \voffset=0.0pt
* \mag=1000
* \@twocolumnfalse
* \@twosidefalse
* \@mparswitchfalse
* \@reversemarginfalse
* (1in=72.27pt=25.4mm, 1cm=28.453pt)

LaTeX Font Info:    Try loading font information for U+msa on input line 19.
(/usr/local/texlive/2016/texmf-dist/tex/latex/amsfonts/umsa.fd
File: umsa.fd 2013/01/14 v3.01 AMS symbols A
)
LaTeX Font Info:    Try loading font information for U+msb on input line 19.

(/usr/local/texlive/2016/texmf-dist/tex/latex/amsfonts/umsb.fd
File: umsb.fd 2013/01/14 v3.01 AMS symbols B
) [1

] [2]
(./thesis.toc [3])
\tf@toc=\write3
\openout3 = `thesis.toc'.

 [4]
Underfull \hbox (badness 10000) in paragraph at lines 58--60

 []

[5] [6] [7]
Underfull \hbox (badness 10000) in paragraph at lines 124--126

 []

[8]
Underfull \hbox (badness 10000) in paragraph at lines 165--166

 []

[9]
Underfull \hbox (badness 10000) in paragraph at lines 187--188

 []

[10]
Underfull \hbox (badness 10000) in paragraph at lines 197--198

 []

[11]
Underfull \hbox (badness 10000) in paragraph at lines 227--228

 []


Underfull \hbox (badness 10000) in paragraph at lines 230--231

 []

[12] [13] [14] [15] [16] [17] [18] [19]
File: HESS_subregions.ps Graphic file (type eps)
 <HESS_subregions.ps> [20]
Overfull \hbox (13.86769pt too wide) in paragraph at lines 343--344
[][]\OT1/cmr/m/n/12 The ma-jor-ity of stud-ies dis-cussed have failed to ad-dre
ss the im-por-tance of Bremsstrahlung
 []

[21]
File: hess_map.ps Graphic file (type eps)
 <hess_map.ps> [22]
File: suzaku_map.ps Graphic file (type eps)
 <suzaku_map.ps> [23]
File: atca_map.ps Graphic file (type eps)
 <atca_map.ps> [24] [25]
File: SGPS_HI_map.ps Graphic file (type eps)

<SGPS_HI_map.ps>
File: mopra_map.ps Graphic file (type eps)
 <mopra_map.ps> [26]
File: nanten_map.ps Graphic file (type eps)
 <nanten_map.ps> [27] [28] [29]
Underfull \hbox (badness 10000) in paragraph at lines 480--482

 []

File: rxj1713_spectrum_both.ps Graphic file (type eps)
<rxj1713_spectrum_both.ps>
Underfull \hbox (badness 10000) in paragraph at lines 495--496

 []

[30]
File: rxj1713_lep.ps Graphic file (type eps)
 <rxj1713_lep.ps>
Overfull \hbox (16.42564pt too wide) in paragraph at lines 497--503
\OT1/cmr/m/n/12 and also in-cludes the Bremsstrahlung con-tri-bu-tion, which HE
SS did not. The Bremsstrahlung
 []

[31]
File: rxj1713_had.ps Graphic file (type eps)
 <rxj1713_had.ps> [32]
File: rxj1713_comb.ps Graphic file (type eps)
 <rxj1713_comb.ps> [33] [34]

LaTeX Warning: Reference `' on page 35 undefined on input line 550.

File: sgps+nanten_regmap.ps Graphic file (type eps)
<sgps+nanten_regmap.ps> [35] [36]
File: rxj1713_had5.ps Graphic file (type eps)
 <rxj1713_had5.ps>
File: rxj1713_had15.ps Graphic file (type eps)
 <rxj1713_had15.ps>
File: rxj1713_had16.ps Graphic file (type eps)

<rxj1713_had16.ps>
File: rxj1713_had21.ps Graphic file (type eps)
 <rxj1713_had21.ps>
File: rxj1713_had22.ps Graphic file (type eps)
 <rxj1713_had22.ps>
File: rxj1713_had24.ps Graphic file (type eps)
 <rxj1713_had24.ps>
Overfull \hbox (2.61108pt too wide) in paragraph at lines 592--622
[][]$[]$ $[]$
 []


Overfull \hbox (2.61108pt too wide) in paragraph at lines 592--622
[]$ $[]$
 []


Overfull \hbox (2.61108pt too wide) in paragraph at lines 592--622
[]$ $[]$ 
 []

[37] [38]
File: rxj1713_had_cumsum.ps Graphic file (type eps)
 <rxj1713_had_cumsum.ps>

LaTeX Warning: Reference `' on page 39 undefined on input line 637.

[39] [40] [41] [42] [43]
Overfull \vbox (10.51584pt too high) has occurred while \output is active []


[44] [45] [46]
Overfull \hbox (15.66074pt too wide) in paragraph at lines 794--795
[][]\OT1/cmr/m/n/12 The main fea-ture of in-ter-est re-gard-ing the pure Lep-to
nic model is whether Bremsstrahlung
 []

[47]
File: rxj1713_lephad1.ps Graphic file (type eps)
 <rxj1713_lephad1.ps>
File: rxj1713_lephad4.ps Graphic file (type eps)
 <rxj1713_lephad4.ps>
File: rxj1713_lephad10.ps Graphic file (type eps)
 <rxj1713_lephad10.ps>
File: rxj1713_lephad15.ps Graphic file (type eps)

<rxj1713_lephad15.ps>
File: rxj1713_lephad16.ps Graphic file (type eps)
 <rxj1713_lephad16.ps>
File: rxj1713_lephad22.ps Graphic file (type eps)
 <rxj1713_lephad22.ps>
Overfull \hbox (2.61108pt too wide) in paragraph at lines 799--829
[][]$[]$ $[]$
 []


Overfull \hbox (2.61108pt too wide) in paragraph at lines 799--829
[]$ $[]$
 []


Overfull \hbox (2.61108pt too wide) in paragraph at lines 799--829
[]$ $[]$ 
 []


LaTeX Warning: Reference `2008ApJ...685..988T' on page 48 undefined on input li
ne 834.


LaTeX Warning: Reference `fig:moprahesssubregions' on page 48 undefined on inpu
t line 834.

[48]
File: rxj1713_comb10.ps Graphic file (type eps)
 <rxj1713_comb10.ps>
File: rxj1713_comb21.ps Graphic file (type eps)
 <rxj1713_comb21.ps> [49]
File: rxj1713_comb3.ps Graphic file (type eps)
 <rxj1713_comb3.ps>
File: rxj1713_comb22.ps Graphic file (type eps)

<rxj1713_comb22.ps> [50]
File: rxj1713_comb7.ps Graphic file (type eps)
 <rxj1713_comb7.ps> [51]
File: rxj1713_comb18.ps Graphic file (type eps)
 <rxj1713_comb18.ps>
Overfull \hbox (9.1827pt too wide) in paragraph at lines 889--908
 [][] 
 []

[52] [53]
File: mopra_regmap_hesscont.ps Graphic file (type eps)
 <mopra_regmap_hesscont.ps> [54] [55]
File: hess_9pixels.ps Graphic file (type eps)
 <hess_9pixels.ps>
Overfull \hbox (11.38304pt too wide) in paragraph at lines 962--963
 [][][] 
 []

File: mopra_9pixels.ps Graphic file (type eps)
<mopra_9pixels.ps>
Overfull \hbox (11.38304pt too wide) in paragraph at lines 966--967
 [][][] 
 []

File: HI_9pixels.ps Graphic file (type eps)
<HI_9pixels.ps>
Overfull \hbox (11.38304pt too wide) in paragraph at lines 970--971
 [][][] 
 []

File: mopra_HI_9pixels.ps Graphic file (type eps)
<mopra_HI_9pixels.ps>
Overfull \hbox (11.38304pt too wide) in paragraph at lines 974--975
 [][][] 
 []


Overfull \hbox (2.61108pt too wide) in paragraph at lines 960--976
[][]$[]$ $[]$
 []


Overfull \hbox (2.61108pt too wide) in paragraph at lines 960--976
[]$ $[]$ 
 []

[56] [57] [58]
Overfull \hbox (5.93443pt too wide) in paragraph at lines 1043--1046
[]\OT1/cmr/m/n/12 Whereas, if the hadronic sce-nario is not dom-i-nant, this po
sitive-linear re-la-tion-ship shouldn't
 []

[59]
File: bootstrap_example.ps Graphic file (type eps)
 <bootstrap_example.ps>
File: gammopHI_reg1.ps Graphic file (type eps)
 <gammopHI_reg1.ps>
Overfull \hbox (2.61107pt too wide) in paragraph at lines 1050--1058
[][]$[]$ $[]$ 
 []

[60] [61]
File: gamma_mHI_reg3.ps Graphic file (type eps)
 <gamma_mHI_reg3.ps>
File: gamma_mHI_reg4.ps Graphic file (type eps)
 <gamma_mHI_reg4.ps>
File: gamma_mHI_reg14.ps Graphic file (type eps)
 <gamma_mHI_reg14.ps>
File: gamma_mHI_reg16.ps Graphic file (type eps)

<gamma_mHI_reg16.ps>
Overfull \hbox (2.61108pt too wide) in paragraph at lines 1116--1136
[][]$[]$ $[]$
 []


Overfull \hbox (2.61108pt too wide) in paragraph at lines 1116--1136
[]$ $[]$ 
 []

[62]
File: pearsonmap_gam_mopHI.ps Graphic file (type eps)
 <pearsonmap_gam_mopHI.ps>
File: mopra_HI_hesscont.ps Graphic file (type eps)
 <mopra_HI_hesscont.ps>
Overfull \hbox (2.61108pt too wide) in paragraph at lines 1148--1158
[][]$[]$ $[]$ 
 []

[63] [64] [65]
File: Wp_ratio_map.ps Graphic file (type eps)
 <Wp_ratio_map.ps> [66]
File: Np_mopra_13pixels.ps Graphic file (type eps)
 <Np_mopra_13pixels.ps>
File: suzaku_13pixelrebin.ps Graphic file (type eps)

<suzaku_13pixelrebin.ps>
Overfull \hbox (2.61108pt too wide) in paragraph at lines 1196--1208
[][]$[]$ $[]$ 
 []

[67] [68] (./thesis.bbl [69

] [70] [71] [72] [73] [74] [75]) [76]
File: powerlaws.ps Graphic file (type eps)

<powerlaws.ps>
File: powerlawsbroken.ps Graphic file (type eps)
 <powerlawsbroken.ps>
File: kifunefig3b.ps Graphic file (type eps)
 <kifunefig3b.ps> [77] [78]
File: kifunefig3c.ps Graphic file (type eps)

<kifunefig3c.ps> [79]
File: nanten_9pixels.ps Graphic file (type eps)
 <nanten_9pixels.ps>
File: nanten_HI_9pixels.ps Graphic file (type eps)
 <nanten_HI_9pixels.ps>
Overfull \hbox (2.61108pt too wide) in paragraph at lines 1256--1264
[][]$[]$ $[]$ 
 []

File: gamma_nHI_reg2.ps Graphic file (type eps)
<gamma_nHI_reg2.ps>
File: gamma_nHI_reg3.ps Graphic file (type eps)
 <gamma_nHI_reg3.ps>
File: gamma_nHI_reg5.ps Graphic file (type eps)
 <gamma_nHI_reg5.ps>
File: gamma_nHI_reg12.ps Graphic file (type eps)

<gamma_nHI_reg12.ps>
File: gamma_nHI_reg15.ps Graphic file (type eps)
 <gamma_nHI_reg15.ps>
File: gamma_nHI_reg21.ps Graphic file (type eps)
 <gamma_nHI_reg21.ps>
Overfull \hbox (2.61108pt too wide) in paragraph at lines 1270--1300
[][]$[]$ $[]$
 []


Overfull \hbox (2.61108pt too wide) in paragraph at lines 1270--1300
[]$ $[]$
 []


Overfull \hbox (2.61108pt too wide) in paragraph at lines 1270--1300
[]$ $[]$ 
 []

[80] [81]
Overfull \vbox (12.36092pt too high) has occurred while \output is active []


[82] (./thesis.aux)

LaTeX Warning: There were undefined references.


LaTeX Warning: There were multiply-defined labels.

 ) 
Here is how much of TeX's memory you used:
 5015 strings out of 493015
 72687 string characters out of 6133377
 182703 words of memory out of 5000000
 8439 multiletter control sequences out of 15000+600000
 19258 words of font info for 71 fonts, out of 8000000 for 9000
 1141 hyphenation exceptions out of 8191
 42i,20n,40p,2505b,462s stack positions out of 5000i,500n,10000p,200000b,80000s

Output written on thesis.dvi (82 pages, 262636 bytes).
